*** Starting uWSGI 2.0.18 (64bit) on [Sat Jul 18 16:13:40 2020] ***
compiled with version: 7.5.0 on 10 March 2020 05:06:23
os: Linux-5.3.0-53-generic #47~18.04.1-Ubuntu SMP Thu May 7 13:10:50 UTC 2020
nodename: tedu
machine: x86_64
clock source: unix
detected number of CPU cores: 2
current working directory: /home/tarena/project/django/HAL/HAL
writing pidfile to uwsgi.pid
detected binary path: /usr/local/bin/uwsgi
!!! no internal routing support, rebuild with pcre support !!!
chdir() to /home/tarena/project/django/HAL
your processes number limit is 15354
your memory page size is 4096 bytes
detected max file descriptor number: 1024
lock engine: pthread robust mutexes
thunder lock: disabled (you can enable it with --thunder-lock)
uWSGI http bound on 127.0.0.1:8000 fd 4
uwsgi socket 0 bound to TCP address 127.0.0.1:45501 (port auto-assigned) fd 3
Python version: 3.6.9 (default, Apr 18 2020, 01:56:04)  [GCC 8.4.0]
Python main interpreter initialized at 0x55839deb5410
python threads support enabled
your server socket listen backlog is limited to 100 connections
your mercy for graceful operations on workers is 60 seconds
mapped 166752 bytes (162 KB) for 2 cores
*** Operational MODE: threaded ***
WSGI app 0 (mountpoint='') ready in 0 seconds on interpreter 0x55839deb5410 pid: 49034 (default app)
*** uWSGI is running in multiple interpreter mode ***
spawned uWSGI master process (pid: 49034)
spawned uWSGI worker 1 (pid: 49036, cores: 2)
spawned uWSGI http 1 (pid: 49038)
---MyMW process_request do---
---MyMW2 process_request do---
---MyMW process_view do---
---MyMW2 process_view do---
---MyMW2 process_response do---
---MyMW process_response do---
[pid: 49036|app: 0|req: 1/1] 127.0.0.1 () {38 vars in 792 bytes} [Sat Jul 18 16:15:03 2020] GET /user/register => generated 842 bytes in 66 msecs (HTTP/1.1 200) 5 headers in 291 bytes (1 switches on core 0)
---MyMW process_request do---
---MyMW2 process_request do---
---MyMW2 process_response do---
---MyMW process_response do---
Not Found: /favicon.ico
[pid: 49036|app: 0|req: 2/2] 127.0.0.1 () {36 vars in 693 bytes} [Sat Jul 18 16:15:03 2020] GET /favicon.ico => generated 2074 bytes in 4 msecs (HTTP/1.1 404) 3 headers in 102 bytes (1 switches on core 1)
---MyMW process_request do---
---MyMW2 process_request do---
---MyMW2 process_response do---
---MyMW process_response do---
Not Found: /user/register1
[pid: 49036|app: 0|req: 3/3] 127.0.0.1 () {38 vars in 794 bytes} [Sat Jul 18 16:36:33 2020] GET /user/register1 => generated 2317 bytes in 4 msecs (HTTP/1.1 404) 3 headers in 102 bytes (1 switches on core 0)
---MyMW process_request do---
---MyMW2 process_request do---
---MyMW process_view do---
---MyMW2 process_view do---
---MyMW2 process_response do---
---MyMW process_response do---
[pid: 49036|app: 0|req: 4/4] 127.0.0.1 () {38 vars in 792 bytes} [Sat Jul 18 16:38:11 2020] GET /user/register => generated 842 bytes in 1 msecs (HTTP/1.1 200) 5 headers in 291 bytes (1 switches on core 0)
SIGINT/SIGQUIT received...killing workers...
gateway "uWSGI http 1" has been buried (pid: 49038)
worker 1 buried after 1 seconds
goodbye to uWSGI.
